<?xml version="1.0" encoding="UTF-8"?>
<!-- Generated by org.testng.reporters.JUnitReportReporter -->
<testsuite hostname="Reddy" name="com.qa.test.RegpageTest" tests="2" failures="0" timestamp="31 Oct 2018 07:15:43 GMT" time="25.385" errors="0">
  <testcase name="validateCreateNewReg" time="13.423" classname="com.qa.test.RegpageTest"/>
  <testcase name="verifyResgisterPageTitleTest" time="11.962" classname="com.qa.test.RegpageTest"/>
</testsuite> <!-- com.qa.test.RegpageTest -->
