<?xml version="1.0" encoding="UTF-8"?>
<!-- Generated by org.testng.reporters.JUnitReportReporter -->
<testsuite hostname="Reddy" name="com.qa.test.LoginpageTest" tests="3" failures="0" timestamp="31 Oct 2018 07:05:41 GMT" time="45.159" errors="0">
  <testcase name="LogInTest" time="19.990" classname="com.qa.test.LoginpageTest"/>
  <testcase name="loginPageTitleTest" time="10.992" classname="com.qa.test.LoginpageTest"/>
  <testcase name="validateATimageTest" time="14.177" classname="com.qa.test.LoginpageTest"/>
</testsuite> <!-- com.qa.test.LoginpageTest -->
